<?xml version="1.0" encoding="UTF-8" standalone="yes"?><!DOCTYPE report PUBLIC "-//JACOCO//DTD Report 1.1//EN" "report.dtd"><report name="xfinal-test"><sessioninfo id="su04-112-9c761bba" start="1570519365596" dump="1570519366510"/><sessioninfo id="su04-112-41b4a35f" start="1570519738010" dump="1570519740774"/><sessioninfo id="su04-112-bf04851a" start="1570519924441" dump="1570519925332"/><sessioninfo id="su04-112-f73adc9d" start="1570519957700" dump="1570520003335"/><sessioninfo id="su04-112-8a97c2ad" start="1570520025759" dump="1570520049339"/><sessioninfo id="su04-112-daef2bc4" start="1570520080254" dump="1570520081152"/><sessioninfo id="su04-112-ac2f4afc" start="1570520219381" dump="1570520265285"/><sessioninfo id="su04-112-6c2b92d1" start="1570520563471" dump="1570520608698"/><sessioninfo id="su04-112-a2dd967b" start="1570520816714" dump="1570520862199"/><sessioninfo id="su04-112-1af6c178" start="1570521142294" dump="1570521188368"/><sessioninfo id="su04-112-755b76d4" start="1570521351375" dump="1570521397182"/><sessioninfo id="su04-112-403f2c5b" start="1570521690047" dump="1570521691503"/><sessioninfo id="su04-112-917d119c" start="1570521803994" dump="1570521845132"/><sessioninfo id="su04-112-43fa5f34" start="1570521905126" dump="1570522209881"/><sessioninfo id="su04-112-beaecf29" start="1570522371261" dump="1570522416287"/><sessioninfo id="su04-112-de7e668a" start="1570522619579" dump="1570522621136"/><sessioninfo id="su04-112-81d05059" start="1570522776014" dump="1570522777554"/><sessioninfo id="su04-112-f9134a5d" start="1570523071627" dump="1570523073203"/><sessioninfo id="su04-111-3ccd88eb" start="1570609174736" dump="1570609221036"/><sessioninfo id="su04-111-5bc4d40a" start="1570610663168" dump="1570610684982"/><sessioninfo id="su04-111-80aa89ac" start="1570610985899" dump="1570611030464"/><sessioninfo id="su04-111-60756e8c" start="1570611343756" dump="1570611389604"/><sessioninfo id="su04-111-146a633c" start="1570611501777" dump="1570611547288"/><sessioninfo id="su04-111-1c6afe91" start="1570611792707" dump="1570611838464"/><sessioninfo id="su04-111-4ef6af9c" start="1570613791977" dump="1570613837564"/><sessioninfo id="su15-108-2e619ade" start="1570711210126" dump="1570711256623"/><package name="se/liu/ida/tdp024/account/util/logger"><class name="se/liu/ida/tdp024/account/util/logger/AccountLoggerMonlog" sourcefilename="AccountLoggerMonlog.java"><method name="&lt;init&gt;" desc="()V" line="7"><counter type="INSTRUCTION" missed="3" covered="0"/><counter type="LINE" missed="1" covered="0"/><counter type="COMPLEXITY" missed="1" covered="0"/><counter type="METHOD" missed="1" covered="0"/></method><method name="log" desc="(Ljava/lang/Throwable;)V" line="19"><counter type="INSTRUCTION" missed="97" covered="0"/><counter type="BRANCH" missed="2" covered="0"/><counter type="LINE" missed="8" covered="0"/><counter type="COMPLEXITY" missed="2" covered="0"/><counter type="METHOD" missed="1" covered="0"/></method><method name="log" desc="(Lse/liu/ida/tdp024/account/util/logger/AccountLogger$TodoLoggerLevel;Ljava/lang/String;Ljava/lang/String;)V" line="38"><counter type="INSTRUCTION" missed="75" covered="0"/><counter type="LINE" missed="4" covered="0"/><counter type="COMPLEXITY" missed="1" covered="0"/><counter type="METHOD" missed="1" covered="0"/></method><method name="&lt;clinit&gt;" desc="()V" line="9"><counter type="INSTRUCTION" missed="5" covered="0"/><counter type="LINE" missed="1" covered="0"/><counter type="COMPLEXITY" missed="1" covered="0"/><counter type="METHOD" missed="1" covered="0"/></method><counter type="INSTRUCTION" missed="180" covered="0"/><counter type="BRANCH" missed="2" covered="0"/><counter type="LINE" missed="14" covered="0"/><counter type="COMPLEXITY" missed="5" covered="0"/><counter type="METHOD" missed="4" covered="0"/><counter type="CLASS" missed="1" covered="0"/></class><class name="se/liu/ida/tdp024/account/util/logger/AccountLogger$TodoLoggerLevel" sourcefilename="AccountLogger.java"><method name="&lt;clinit&gt;" desc="()V" line="5"><counter type="INSTRUCTION" missed="84" covered="0"/><counter type="LINE" missed="9" covered="0"/><counter type="COMPLEXITY" missed="1" covered="0"/><counter type="METHOD" missed="1" covered="0"/></method><counter type="INSTRUCTION" missed="84" covered="0"/><counter type="LINE" missed="9" covered="0"/><counter type="COMPLEXITY" missed="1" covered="0"/><counter type="METHOD" missed="1" covered="0"/><counter type="CLASS" missed="1" covered="0"/></class><class name="se/liu/ida/tdp024/account/util/logger/AccountLoggerImpl" sourcefilename="AccountLoggerImpl.java"><method name="&lt;init&gt;" desc="()V" line="11"><counter type="INSTRUCTION" missed="0" covered="3"/><counter type="LINE" missed="0" covered="1"/><counter type="COMPLEXITY" missed="0" covered="1"/><counter type="METHOD" missed="0" covered="1"/></method><method name="log" desc="(Ljava/lang/Throwable;)V" line="15"><counter type="INSTRUCTION" missed="0" covered="3"/><counter type="LINE" missed="0" covered="2"/><counter type="COMPLEXITY" missed="0" covered="1"/><counter type="METHOD" missed="0" covered="1"/></method><method name="log" desc="(Lse/liu/ida/tdp024/account/util/logger/AccountLogger$TodoLoggerLevel;Ljava/lang/String;Ljava/lang/String;)V" line="20"><counter type="INSTRUCTION" missed="20" covered="0"/><counter type="BRANCH" missed="4" covered="0"/><counter type="LINE" missed="6" covered="0"/><counter type="COMPLEXITY" missed="3" covered="0"/><counter type="METHOD" missed="1" covered="0"/></method><counter type="INSTRUCTION" missed="20" covered="6"/><counter type="BRANCH" missed="4" covered="0"/><counter type="LINE" missed="6" covered="3"/><counter type="COMPLEXITY" missed="3" covered="2"/><counter type="METHOD" missed="1" covered="2"/><counter type="CLASS" missed="0" covered="1"/></class><sourcefile name="AccountLogger.java"><line nr="5" mi="36" ci="0" mb="0" cb="0"/><line nr="6" mi="6" ci="0" mb="0" cb="0"/><line nr="7" mi="6" ci="0" mb="0" cb="0"/><line nr="8" mi="6" ci="0" mb="0" cb="0"/><line nr="9" mi="6" ci="0" mb="0" cb="0"/><line nr="10" mi="6" ci="0" mb="0" cb="0"/><line nr="11" mi="6" ci="0" mb="0" cb="0"/><line nr="12" mi="6" ci="0" mb="0" cb="0"/><line nr="13" mi="6" ci="0" mb="0" cb="0"/><counter type="INSTRUCTION" missed="84" covered="0"/><counter type="LINE" missed="9" covered="0"/><counter type="COMPLEXITY" missed="1" covered="0"/><counter type="METHOD" missed="1" covered="0"/><counter type="CLASS" missed="1" covered="0"/></sourcefile><sourcefile name="AccountLoggerImpl.java"><line nr="11" mi="0" ci="3" mb="0" cb="0"/><line nr="15" mi="0" ci="2" mb="0" cb="0"/><line nr="16" mi="0" ci="1" mb="0" cb="0"/><line nr="20" mi="6" ci="0" mb="4" cb="0"/><line nr="21" mi="3" ci="0" mb="0" cb="0"/><line nr="22" mi="4" ci="0" mb="0" cb="0"/><line nr="24" mi="3" ci="0" mb="0" cb="0"/><line nr="25" mi="3" ci="0" mb="0" cb="0"/><line nr="27" mi="1" ci="0" mb="0" cb="0"/><counter type="INSTRUCTION" missed="20" covered="6"/><counter type="BRANCH" missed="4" covered="0"/><counter type="LINE" missed="6" covered="3"/><counter type="COMPLEXITY" missed="3" covered="2"/><counter type="METHOD" missed="1" covered="2"/><counter type="CLASS" missed="0" covered="1"/></sourcefile><sourcefile name="AccountLoggerMonlog.java"><line nr="7" mi="3" ci="0" mb="0" cb="0"/><line nr="9" mi="5" ci="0" mb="0" cb="0"/><line nr="19" mi="4" ci="0" mb="0" cb="0"/><line nr="20" mi="17" ci="0" mb="2" cb="0"/><line nr="21" mi="7" ci="0" mb="0" cb="0"/><line nr="24" mi="39" ci="0" mb="0" cb="0"/><line nr="29" mi="9" ci="0" mb="0" cb="0"/><line nr="30" mi="14" ci="0" mb="0" cb="0"/><line nr="31" mi="6" ci="0" mb="0" cb="0"/><line nr="33" mi="1" ci="0" mb="0" cb="0"/><line nr="38" mi="34" ci="0" mb="0" cb="0"/><line nr="42" mi="34" ci="0" mb="0" cb="0"/><line nr="45" mi="6" ci="0" mb="0" cb="0"/><line nr="47" mi="1" ci="0" mb="0" cb="0"/><counter type="INSTRUCTION" missed="180" covered="0"/><counter type="BRANCH" missed="2" covered="0"/><counter type="LINE" missed="14" covered="0"/><counter type="COMPLEXITY" missed="5" covered="0"/><counter type="METHOD" missed="4" covered="0"/><counter type="CLASS" missed="1" covered="0"/></sourcefile><counter type="INSTRUCTION" missed="284" covered="6"/><counter type="BRANCH" missed="6" covered="0"/><counter type="LINE" missed="29" covered="3"/><counter type="COMPLEXITY" missed="9" covered="2"/><counter type="METHOD" missed="6" covered="2"/><counter type="CLASS" missed="2" covered="1"/></package><package name="se/liu/ida/tdp024/account/util/json"><class name="se/liu/ida/tdp024/account/util/json/AccountJsonSerializerImpl" sourcefilename="AccountJsonSerializerImpl.java"><method name="&lt;init&gt;" desc="()V" line="14"><counter type="INSTRUCTION" missed="0" covered="25"/><counter type="LINE" missed="0" covered="6"/><counter type="COMPLEXITY" missed="0" covered="1"/><counter type="METHOD" missed="0" covered="1"/></method><method name="fromJson" desc="(Ljava/lang/String;Ljava/lang/Class;)Ljava/lang/Object;" line="27"><counter type="INSTRUCTION" missed="7" covered="13"/><counter type="LINE" missed="3" covered="4"/><counter type="COMPLEXITY" missed="0" covered="1"/><counter type="METHOD" missed="0" covered="1"/></method><method name="toJson" desc="(Ljava/lang/Object;)Ljava/lang/String;" line="41"><counter type="INSTRUCTION" missed="12" covered="0"/><counter type="LINE" missed="4" covered="0"/><counter type="COMPLEXITY" missed="1" covered="0"/><counter type="METHOD" missed="1" covered="0"/></method><counter type="INSTRUCTION" missed="19" covered="38"/><counter type="LINE" missed="7" covered="10"/><counter type="COMPLEXITY" missed="1" covered="2"/><counter type="METHOD" missed="1" covered="2"/><counter type="CLASS" missed="0" covered="1"/></class><sourcefile name="AccountJsonSerializerImpl.java"><line nr="14" mi="0" ci="6" mb="0" cb="0"/><line nr="16" mi="0" ci="5" mb="0" cb="0"/><line nr="19" mi="0" ci="2" mb="0" cb="0"/><line nr="20" mi="0" ci="5" mb="0" cb="0"/><line nr="21" mi="0" ci="6" mb="0" cb="0"/><line nr="22" mi="0" ci="1" mb="0" cb="0"/><line nr="27" mi="0" ci="6" mb="0" cb="0"/><line nr="28" mi="0" ci="1" mb="0" cb="0"/><line nr="29" mi="0" ci="4" mb="0" cb="0"/><line nr="30" mi="0" ci="2" mb="0" cb="0"/><line nr="31" mi="1" ci="0" mb="0" cb="0"/><line nr="32" mi="4" ci="0" mb="0" cb="0"/><line nr="33" mi="2" ci="0" mb="0" cb="0"/><line nr="41" mi="5" ci="0" mb="0" cb="0"/><line nr="42" mi="1" ci="0" mb="0" cb="0"/><line nr="43" mi="4" ci="0" mb="0" cb="0"/><line nr="44" mi="2" ci="0" mb="0" cb="0"/><counter type="INSTRUCTION" missed="19" covered="38"/><counter type="LINE" missed="7" covered="10"/><counter type="COMPLEXITY" missed="1" covered="2"/><counter type="METHOD" missed="1" covered="2"/><counter type="CLASS" missed="0" covered="1"/></sourcefile><counter type="INSTRUCTION" missed="19" covered="38"/><counter type="LINE" missed="7" covered="10"/><counter type="COMPLEXITY" missed="1" covered="2"/><counter type="METHOD" missed="1" covered="2"/><counter type="CLASS" missed="0" covered="1"/></package><package name="se/liu/ida/tdp024/account/util/http"><class name="se/liu/ida/tdp024/account/util/http/HTTPHelperImpl" sourcefilename="HTTPHelperImpl.java"><method name="&lt;init&gt;" desc="()V" line="15"><counter type="INSTRUCTION" missed="0" covered="8"/><counter type="LINE" missed="0" covered="2"/><counter type="COMPLEXITY" missed="0" covered="1"/><counter type="METHOD" missed="0" covered="1"/></method><method name="get" desc="(Ljava/lang/String;[Ljava/lang/String;)Ljava/lang/String;" line="22"><counter type="INSTRUCTION" missed="0" covered="53"/><counter type="BRANCH" missed="0" covered="2"/><counter type="LINE" missed="0" covered="13"/><counter type="COMPLEXITY" missed="0" covered="2"/><counter type="METHOD" missed="0" covered="1"/></method><method name="postJSON" desc="(Ljava/lang/String;[Ljava/lang/String;[Ljava/lang/String;)Ljava/lang/String;" line="49"><counter type="INSTRUCTION" missed="119" covered="0"/><counter type="BRANCH" missed="8" covered="0"/><counter type="LINE" missed="30" covered="0"/><counter type="COMPLEXITY" missed="5" covered="0"/><counter type="METHOD" missed="1" covered="0"/></method><method name="createURL" desc="(Ljava/lang/String;[Ljava/lang/String;)Ljava/lang/String;" line="105"><counter type="INSTRUCTION" missed="5" covered="52"/><counter type="BRANCH" missed="0" covered="4"/><counter type="LINE" missed="2" covered="10"/><counter type="COMPLEXITY" missed="0" covered="3"/><counter type="METHOD" missed="0" covered="1"/></method><method name="createJSONPayload" desc="([Ljava/lang/String;)Ljava/lang/String;" line="130"><counter type="INSTRUCTION" missed="83" covered="0"/><counter type="BRANCH" missed="4" covered="0"/><counter type="LINE" missed="13" covered="0"/><counter type="COMPLEXITY" missed="3" covered="0"/><counter type="METHOD" missed="1" covered="0"/></method><counter type="INSTRUCTION" missed="207" covered="113"/><counter type="BRANCH" missed="12" covered="6"/><counter type="LINE" missed="45" covered="25"/><counter type="COMPLEXITY" missed="8" covered="6"/><counter type="METHOD" missed="2" covered="3"/><counter type="CLASS" missed="0" covered="1"/></class><sourcefile name="HTTPHelperImpl.java"><line nr="15" mi="0" ci="2" mb="0" cb="0"/><line nr="17" mi="0" ci="6" mb="0" cb="0"/><line nr="22" mi="0" ci="5" mb="0" cb="0"/><line nr="28" mi="0" ci="2" mb="0" cb="0"/><line nr="30" mi="0" ci="5" mb="0" cb="0"/><line nr="31" mi="0" ci="4" mb="0" cb="0"/><line nr="32" mi="0" ci="3" mb="0" cb="0"/><line nr="33" mi="0" ci="9" mb="0" cb="0"/><line nr="34" mi="0" ci="5" mb="0" cb="2"/><line nr="35" mi="0" ci="10" mb="0" cb="0"/><line nr="37" mi="0" ci="2" mb="0" cb="0"/><line nr="38" mi="0" ci="1" mb="0" cb="0"/><line nr="39" mi="0" ci="4" mb="0" cb="0"/><line nr="40" mi="0" ci="1" mb="0" cb="0"/><line nr="41" mi="0" ci="2" mb="0" cb="0"/><line nr="49" mi="5" ci="0" mb="0" cb="0"/><line nr="50" mi="4" ci="0" mb="0" cb="0"/><line nr="54" mi="5" ci="0" mb="0" cb="0"/><line nr="55" mi="4" ci="0" mb="0" cb="0"/><line nr="56" mi="4" ci="0" mb="0" cb="0"/><line nr="57" mi="3" ci="0" mb="0" cb="0"/><line nr="58" mi="3" ci="0" mb="0" cb="0"/><line nr="59" mi="3" ci="0" mb="0" cb="0"/><line nr="61" mi="7" ci="0" mb="0" cb="0"/><line nr="62" mi="3" ci="0" mb="0" cb="0"/><line nr="63" mi="2" ci="0" mb="0" cb="0"/><line nr="65" mi="8" ci="0" mb="4" cb="0"/><line nr="67" mi="10" ci="0" mb="0" cb="0"/><line nr="69" mi="4" ci="0" mb="0" cb="0"/><line nr="70" mi="5" ci="0" mb="2" cb="0"/><line nr="71" mi="5" ci="0" mb="0" cb="0"/><line nr="73" mi="2" ci="0" mb="0" cb="0"/><line nr="75" mi="3" ci="0" mb="0" cb="0"/><line nr="80" mi="10" ci="0" mb="0" cb="0"/><line nr="82" mi="4" ci="0" mb="0" cb="0"/><line nr="83" mi="5" ci="0" mb="2" cb="0"/><line nr="84" mi="5" ci="0" mb="0" cb="0"/><line nr="86" mi="2" ci="0" mb="0" cb="0"/><line nr="88" mi="3" ci="0" mb="0" cb="0"/><line nr="92" mi="1" ci="0" mb="0" cb="0"/><line nr="93" mi="2" ci="0" mb="0" cb="0"/><line nr="94" mi="2" ci="0" mb="0" cb="0"/><line nr="95" mi="1" ci="0" mb="0" cb="0"/><line nr="96" mi="2" ci="0" mb="0" cb="0"/><line nr="97" mi="2" ci="0" mb="0" cb="0"/><line nr="105" mi="0" ci="5" mb="0" cb="0"/><line nr="106" mi="0" ci="10" mb="0" cb="2"/><line nr="108" mi="0" ci="6" mb="0" cb="0"/><line nr="109" mi="0" ci="8" mb="0" cb="0"/><line nr="111" mi="0" ci="2" mb="0" cb="2"/><line nr="112" mi="0" ci="5" mb="0" cb="0"/><line nr="114" mi="0" ci="4" mb="0" cb="0"/><line nr="117" mi="0" ci="8" mb="0" cb="0"/><line nr="118" mi="1" ci="0" mb="0" cb="0"/><line nr="119" mi="4" ci="0" mb="0" cb="0"/><line nr="120" mi="0" ci="1" mb="0" cb="0"/><line nr="124" mi="0" ci="3" mb="0" cb="0"/><line nr="130" mi="4" ci="0" mb="0" cb="0"/><line nr="131" mi="4" ci="0" mb="0" cb="0"/><line nr="132" mi="10" ci="0" mb="2" cb="0"/><line nr="135" mi="8" ci="0" mb="0" cb="0"/><line nr="136" mi="14" ci="0" mb="0" cb="0"/><line nr="137" mi="1" ci="0" mb="0" cb="0"/><line nr="138" mi="18" ci="0" mb="0" cb="0"/><line nr="139" mi="1" ci="0" mb="0" cb="0"/><line nr="143" mi="4" ci="0" mb="2" cb="0"/><line nr="144" mi="7" ci="0" mb="0" cb="0"/><line nr="147" mi="4" ci="0" mb="0" cb="0"/><line nr="149" mi="6" ci="0" mb="0" cb="0"/><line nr="150" mi="2" ci="0" mb="0" cb="0"/><counter type="INSTRUCTION" missed="207" covered="113"/><counter type="BRANCH" missed="12" covered="6"/><counter type="LINE" missed="45" covered="25"/><counter type="COMPLEXITY" missed="8" covered="6"/><counter type="METHOD" missed="2" covered="3"/><counter type="CLASS" missed="0" covered="1"/></sourcefile><counter type="INSTRUCTION" missed="207" covered="113"/><counter type="BRANCH" missed="12" covered="6"/><counter type="LINE" missed="45" covered="25"/><counter type="COMPLEXITY" missed="8" covered="6"/><counter type="METHOD" missed="2" covered="3"/><counter type="CLASS" missed="0" covered="1"/></package><counter type="INSTRUCTION" missed="510" covered="157"/><counter type="BRANCH" missed="18" covered="6"/><counter type="LINE" missed="81" covered="38"/><counter type="COMPLEXITY" missed="18" covered="10"/><counter type="METHOD" missed="9" covered="7"/><counter type="CLASS" missed="2" covered="3"/></report>