GROUP,PACKAGE,CLASS,INSTRUCTION_MISSED,INSTRUCTION_COVERED,BRANCH_MISSED,BRANCH_COVERED,LINE_MISSED,LINE_COVERED,COMPLEXITY_MISSED,COMPLEXITY_COVERED,METHOD_MISSED,METHOD_COVERED
xfinal-test,se.liu.ida.tdp024.account.util.logger,AccountLoggerMonlog,180,0,2,0,14,0,5,0,4,0
xfinal-test,se.liu.ida.tdp024.account.util.logger,AccountLogger.TodoLoggerLevel,84,0,0,0,9,0,1,0,1,0
xfinal-test,se.liu.ida.tdp024.account.util.logger,AccountLoggerImpl,20,6,4,0,6,3,3,2,1,2
xfinal-test,se.liu.ida.tdp024.account.util.json,AccountJsonSerializerImpl,19,38,0,0,7,10,1,2,1,2
xfinal-test,se.liu.ida.tdp024.account.util.http,HTTPHelperImpl,207,113,12,6,45,25,8,6,2,3
