GROUP,PACKAGE,CLASS,INSTRUCTION_MISSED,INSTRUCTION_COVERED,BRANCH_MISSED,BRANCH_COVERED,LINE_MISSED,LINE_COVERED,COMPLEXITY_MISSED,COMPLEXITY_COVERED,METHOD_MISSED,METHOD_COVERED
datalayer,se.liu.ida.tdp024.account.data.impl.db.util,StorageFacadeDB,5,0,0,0,3,0,2,0,2,0
datalayer,se.liu.ida.tdp024.account.data.impl.db.util,EMF,11,18,5,3,4,5,5,2,2,1
datalayer,se.liu.ida.tdp024.account.data.impl.db.facade,PersonEntityFacadeDB,11,85,1,1,4,30,1,5,0,5
datalayer,se.liu.ida.tdp024.account.data.impl.db.entity,PersonDB,0,13,0,0,0,5,0,4,0,4
