GROUP,PACKAGE,CLASS,INSTRUCTION_MISSED,INSTRUCTION_COVERED,BRANCH_MISSED,BRANCH_COVERED,LINE_MISSED,LINE_COVERED,COMPLEXITY_MISSED,COMPLEXITY_COVERED,METHOD_MISSED,METHOD_COVERED
datalayer,se.liu.ida.tdp024.account.data.impl.db.util,StorageFacadeDB,5,0,0,0,3,0,2,0,2,0
datalayer,se.liu.ida.tdp024.account.data.impl.db.util,EMF,11,18,5,3,4,5,5,2,2,1
datalayer,se.liu.ida.tdp024.account.data.impl.db.facade,AccountEntityFacadeDB,19,188,1,5,7,58,1,9,0,7
datalayer,se.liu.ida.tdp024.account.data.impl.db.facade,TransactionEntityFacadeDB,0,51,0,2,0,20,0,4,0,3
datalayer,se.liu.ida.tdp024.account.data.impl.db.entity,TransactionDB,0,33,0,0,0,12,0,6,0,6
datalayer,se.liu.ida.tdp024.account.data.impl.db.entity,AccountDB,0,22,0,0,0,10,0,6,0,6
