GROUP,PACKAGE,CLASS,INSTRUCTION_MISSED,INSTRUCTION_COVERED,BRANCH_MISSED,BRANCH_COVERED,LINE_MISSED,LINE_COVERED,COMPLEXITY_MISSED,COMPLEXITY_COVERED,METHOD_MISSED,METHOD_COVERED
datalayer,se.liu.ida.tdp024.account.data.impl.db.util,StorageFacadeDB,5,0,0,0,3,0,2,0,2,0
datalayer,se.liu.ida.tdp024.account.data.impl.db.util,EMF,29,0,8,0,9,0,7,0,3,0
datalayer,se.liu.ida.tdp024.account.data.impl.db.facade,AccountEntityFacadeDB,187,0,6,0,60,0,9,0,6,0
datalayer,se.liu.ida.tdp024.account.data.impl.db.facade,TransactionEntityFacadeDB,70,0,2,0,25,0,4,0,3,0
datalayer,se.liu.ida.tdp024.account.data.impl.db.entity,TransactionDB,58,0,2,0,21,0,14,0,13,0
datalayer,se.liu.ida.tdp024.account.data.impl.db.entity,AccountDB,34,0,0,0,14,0,10,0,10,0
